This file contains any messages produced by compilers while
running configure, to aid debugging if configure makes a mistake.

It was created by interpolacsv configure 1.0, which was
generated by GNU Autoconf 2.69.  Invocation command line was

  $ ./configure --no-create --no-recursion

## --------- ##
## Platform. ##
## --------- ##

hostname = iMac.local
uname -m = x86_64
uname -r = 20.2.0
uname -s = Darwin
uname -v = Darwin Kernel Version 20.2.0: Wed Dec  2 20:39:59 PST 2020; root:xnu-7195.60.75~1/RELEASE_X86_64

/usr/bin/uname -p = i386
/bin/uname -X     = unknown

/bin/arch              = unknown
/usr/bin/arch -k       = unknown
/usr/convex/getsysinfo = unknown
/usr/bin/hostinfo      = Mach kernel version:
	 Darwin Kernel Version 20.2.0: Wed Dec  2 20:39:59 PST 2020; root:xnu-7195.60.75~1/RELEASE_X86_64
Kernel configured for up to 12 processors.
6 processors are physically available.
12 processors are logically available.
Processor type: x86_64h (Intel x86-64h Haswell)
Processors active: 0 1 2 3 4 5 6 7 8 9 10 11
Primary memory available: 32.00 gigabytes
Default processor set: 536 tasks, 2378 threads, 12 processors
Load average: 3.51, Mach factor: 8.48
/bin/machine           = unknown
/usr/bin/oslevel       = unknown
/bin/universe          = unknown

PATH: /usr/local/ncl-6.5.0/bin
PATH: /usr/local/opt/gettext/bin
PATH: /usr/local/bin
PATH: /usr/texbin
PATH: /opt/local/bin
PATH: /opt/local/sbin
PATH: /usr/bin
PATH: /opt/opengrads
PATH: /usr/local/opt/texinfo/bin
PATH: /usr/local/opt/antlr@2/bin
PATH: /usr/local/bin
PATH: /usr/bin
PATH: /bin
PATH: /usr/sbin
PATH: /sbin
PATH: /Library/TeX/texbin
PATH: /opt/X11/bin
PATH: /Library/Apple/usr/bin


## ----------- ##
## Core tests. ##
## ----------- ##

configure:1997: checking for a BSD-compatible install
configure:2065: result: /usr/bin/install -c
configure:2076: checking whether build environment is sane
configure:2131: result: yes
configure:2282: checking for a thread-safe mkdir -p
configure:2321: result: autoconf/install-sh -c -d
configure:2328: checking for gawk
configure:2358: result: no
configure:2328: checking for mawk
configure:2358: result: no
configure:2328: checking for nawk
configure:2358: result: no
configure:2328: checking for awk
configure:2344: found /usr/bin/awk
configure:2355: result: awk
configure:2366: checking whether make sets $(MAKE)
configure:2388: result: yes
configure:2417: checking whether make supports nested variables
configure:2434: result: yes
configure:2572: checking whether ln -s works
configure:2576: result: yes
configure:2583: checking whether make sets $(MAKE)
configure:2605: result: yes
configure:2618: checking whether make supports the include directive
configure:2633: make -f confmf.GNU && cat confinc.out
this is the am__doit target
configure:2636: $? = 0
configure:2655: result: yes (GNU style)
configure:2725: checking for gcc
configure:2741: found /usr/bin/gcc
configure:2752: result: gcc
configure:2981: checking for C compiler version
configure:2990: gcc --version >&5
Apple clang version 12.0.0 (clang-1200.0.32.27)
Target: x86_64-apple-darwin20.2.0
Thread model: posix
InstalledDir: /Applications/Xcode.app/Contents/Developer/Toolchains/XcodeDefault.xctoolchain/usr/bin
Configured with: --prefix=/Applications/Xcode.app/Contents/Developer/usr --with-gxx-include-dir=/Applications/Xcode.app/Contents/Developer/Platforms/MacOSX.platform/Developer/SDKs/MacOSX.sdk/usr/include/c++/4.2.1
configure:3001: $? = 0
configure:2990: gcc -v >&5
Configured with: --prefix=/Applications/Xcode.app/Contents/Developer/usr --with-gxx-include-dir=/Applications/Xcode.app/Contents/Developer/Platforms/MacOSX.platform/Developer/SDKs/MacOSX.sdk/usr/include/c++/4.2.1
Apple clang version 12.0.0 (clang-1200.0.32.27)
Target: x86_64-apple-darwin20.2.0
Thread model: posix
InstalledDir: /Applications/Xcode.app/Contents/Developer/Toolchains/XcodeDefault.xctoolchain/usr/bin
configure:3001: $? = 0
configure:2990: gcc -V >&5
clang: error: argument to '-V' is missing (expected 1 value)
clang: error: no input files
configure:3001: $? = 1
configure:2990: gcc -qversion >&5
clang: error: unknown argument '-qversion'; did you mean '--version'?
clang: error: no input files
configure:3001: $? = 1
configure:3021: checking whether the C compiler works
configure:3043: gcc    conftest.c  >&5
configure:3047: $? = 0
configure:3095: result: yes
configure:3098: checking for C compiler default output file name
configure:3100: result: a.out
configure:3106: checking for suffix of executables
configure:3113: gcc -o conftest    conftest.c  >&5
configure:3117: $? = 0
configure:3139: result: 
configure:3161: checking whether we are cross compiling
configure:3169: gcc -o conftest    conftest.c  >&5
configure:3173: $? = 0
configure:3180: ./conftest
configure:3184: $? = 0
configure:3199: result: no
configure:3204: checking for suffix of object files
configure:3226: gcc -c   conftest.c >&5
configure:3230: $? = 0
configure:3251: result: o
configure:3255: checking whether we are using the GNU C compiler
configure:3274: gcc -c   conftest.c >&5
configure:3274: $? = 0
configure:3283: result: yes
configure:3292: checking whether gcc accepts -g
configure:3312: gcc -c -g  conftest.c >&5
configure:3312: $? = 0
configure:3353: result: yes
configure:3370: checking for gcc option to accept ISO C89
configure:3433: gcc  -c -g -O2  conftest.c >&5
configure:3433: $? = 0
configure:3446: result: none needed
configure:3471: checking whether gcc understands -c and -o together
configure:3493: gcc -c conftest.c -o conftest2.o
configure:3496: $? = 0
configure:3493: gcc -c conftest.c -o conftest2.o
configure:3496: $? = 0
configure:3508: result: yes
configure:3527: checking dependency style of gcc
configure:3638: result: none
configure:3658: checking how to run the C preprocessor
configure:3689: gcc -E  conftest.c
configure:3689: $? = 0
configure:3703: gcc -E  conftest.c
conftest.c:11:10: fatal error: 'ac_nonexistent.h' file not found
#include <ac_nonexistent.h>
         ^~~~~~~~~~~~~~~~~~
1 error generated.
configure:3703: $? = 1
configure: failed program was:
| /* confdefs.h */
| #define PACKAGE_NAME "interpolacsv"
| #define PACKAGE_TARNAME "interpolacsv"
| #define PACKAGE_VERSION "1.0"
| #define PACKAGE_STRING "interpolacsv 1.0"
| #define PACKAGE_BUGREPORT "agustin@atmosfera.unam.mx"
| #define PACKAGE_URL "https://github.com/JoseAgustin/interpolacsv"
| #define PACKAGE "interpolacsv"
| #define VERSION "1.0"
| /* end confdefs.h.  */
| #include <ac_nonexistent.h>
configure:3728: result: gcc -E
configure:3748: gcc -E  conftest.c
configure:3748: $? = 0
configure:3762: gcc -E  conftest.c
conftest.c:11:10: fatal error: 'ac_nonexistent.h' file not found
#include <ac_nonexistent.h>
         ^~~~~~~~~~~~~~~~~~
1 error generated.
configure:3762: $? = 1
configure: failed program was:
| /* confdefs.h */
| #define PACKAGE_NAME "interpolacsv"
| #define PACKAGE_TARNAME "interpolacsv"
| #define PACKAGE_VERSION "1.0"
| #define PACKAGE_STRING "interpolacsv 1.0"
| #define PACKAGE_BUGREPORT "agustin@atmosfera.unam.mx"
| #define PACKAGE_URL "https://github.com/JoseAgustin/interpolacsv"
| #define PACKAGE "interpolacsv"
| #define VERSION "1.0"
| /* end confdefs.h.  */
| #include <ac_nonexistent.h>
configure:3850: checking for gfortran
configure:3866: found /usr/local/bin/gfortran
configure:3877: result: gfortran
configure:3903: checking for Fortran compiler version
configure:3912: gfortran --version >&5
GNU Fortran (Homebrew GCC 10.1.0) 10.1.0
Copyright (C) 2020 Free Software Foundation, Inc.
This is free software; see the source for copying conditions.  There is NO
warranty; not even for MERCHANTABILITY or FITNESS FOR A PARTICULAR PURPOSE.

configure:3923: $? = 0
configure:3912: gfortran -v >&5
Using built-in specs.
COLLECT_GCC=gfortran
COLLECT_LTO_WRAPPER=/usr/local/Cellar/gcc/10.1.0/libexec/gcc/x86_64-apple-darwin19/10.1.0/lto-wrapper
Target: x86_64-apple-darwin19
Configured with: ../configure --build=x86_64-apple-darwin19 --prefix=/usr/local/Cellar/gcc/10.1.0 --libdir=/usr/local/Cellar/gcc/10.1.0/lib/gcc/10 --disable-nls --enable-checking=release --enable-languages=c,c++,objc,obj-c++,fortran --program-suffix=-10 --with-gmp=/usr/local/opt/gmp --with-mpfr=/usr/local/opt/mpfr --with-mpc=/usr/local/opt/libmpc --with-isl=/usr/local/opt/isl --with-system-zlib --with-pkgversion='Homebrew GCC 10.1.0' --with-bugurl=https://github.com/Homebrew/homebrew-core/issues --disable-multilib --with-native-system-header-dir=/usr/include --with-sysroot=/Library/Developer/CommandLineTools/SDKs/MacOSX10.15.sdk SED=/usr/bin/sed
Thread model: posix
Supported LTO compression algorithms: zlib
gcc version 10.1.0 (Homebrew GCC 10.1.0) 
configure:3923: $? = 0
configure:3912: gfortran -V >&5
gfortran: error: unrecognized command-line option '-V'
gfortran: fatal error: no input files
compilation terminated.
configure:3923: $? = 1
configure:3912: gfortran -qversion >&5
gfortran: error: unrecognized command-line option '-qversion'; did you mean '--version'?
gfortran: fatal error: no input files
compilation terminated.
configure:3923: $? = 1
configure:3932: checking whether we are using the GNU Fortran compiler
configure:3945: gfortran -c   conftest.F >&5
configure:3945: $? = 0
configure:3954: result: yes
configure:3960: checking whether gfortran accepts -g
configure:3971: gfortran -c -g  conftest.f >&5
configure:3971: $? = 0
configure:3979: result: yes
configure:4026: checking for Fortran flag needed to accept free-form source
configure:4045: gfortran -c -g -O2  conftest.f >&5
conftest.f:2:4:

    2 |   program freeform
      |    1
Error: Non-numeric character in statement label at (1)
conftest.f:4:27:

    4 |        print *, 'Hello ', &
      |                           1
Error: Expected expression in PRINT statement at (1)
conftest.f:5:12:

    5 |           'world.'
      |            1
Error: Invalid character in name at (1)
configure:4045: $? = 1
configure: failed program was:
| 
|   program freeform
|        ! FIXME: how to best confuse non-freeform compilers?
|        print *, 'Hello ', &
|           'world.'
|        end
configure:4045: gfortran -c -g -O2 -ffree-form  conftest.f >&5
configure:4045: $? = 0
configure:4054: result: -ffree-form
configure:4076: checking for nf-config
configure:4092: found /usr/local/bin/nf-config
configure:4103: result: nf-config
configure:4156: checking for ncdump
configure:4174: found /usr/local/bin/ncdump
configure:4186: result: /usr/local/bin/ncdump
configure:4202: setting netcdf root directory NETCDF_ROOT=/usr/local
configure:4204: checking for the existence of the netcdf root directory
configure:4207: result: /usr/local
configure:4214: checking for netCDF include directory
configure:4219: result: /usr/local/include
configure:4221: checking for the existence of the netcdf include directory
configure:4224: result: ok
configure:4229: checking for file netcdf.mod in the include directory
configure:4232: result: ok
configure:4243: checking for netCDF library directory
configure:4248: result: -L/usr/local/Cellar/netcdf/4.7.4_1/lib 
configure:4254: checking for -lnetcdff
configure:4257: result: yes
configure:4375: result: GFOR
configure:4379: result: FCFLAGS = -g -O2 -ffree-form -O2
configure:4554: checking that generated files are newer than configure
configure:4560: result: done
configure:4595: creating ./config.status
configure:5755: ---------------------------------------------------------
configure:5757: Configuration complete - interpolacsv-1.0 (serial)
configure:5759: 
configure:5766: Single precision:           --with-r4=no
configure:5768: Fortran compiler:           FC=gfortran
configure:5770: gfortran compiler:           GFOR=
configure:5777: Enable parallel version:    --enable-parallel=no
configure:5780: Fortran flags:              FCFLAGS=-g -O2 -ffree-form -O2
configure:5782: Fortran OPENMPI:            OPENMP_FCFLAGS=
configure:5784: Root directory of netcdf:   NETCDF=/usr/local
configure:5786: Compiler flags for netcdf:  NC_INC=-I/usr/local/Cellar/netcdf/4.7.4_1/include
configure:5788: Linker flags for netcdf:    NC_LIB=-L/usr/local/Cellar/netcdf/4.7.4_1/lib  -lnetcdff -lnetcdf
configure:5790: Install prefix:             --prefix=/Users/agus/proyectos/interpola_csv/source
configure:5792: Executables install prefix: --exec_prefix=${prefix}
configure:5794: Binary directory:           --bindir=${exec_prefix}/bin
configure:5797: ---------------------------------------------------------

## ---------------- ##
## Cache variables. ##
## ---------------- ##

ac_cv_c_compiler_gnu=yes
ac_cv_env_CC_set=
ac_cv_env_CC_value=
ac_cv_env_CFLAGS_set=
ac_cv_env_CFLAGS_value=
ac_cv_env_CPPFLAGS_set=
ac_cv_env_CPPFLAGS_value=
ac_cv_env_CPP_set=
ac_cv_env_CPP_value=
ac_cv_env_FCFLAGS_set=
ac_cv_env_FCFLAGS_value=
ac_cv_env_FC_set=
ac_cv_env_FC_value=
ac_cv_env_LDFLAGS_set=
ac_cv_env_LDFLAGS_value=
ac_cv_env_LIBS_set=
ac_cv_env_LIBS_value=
ac_cv_env_NETCDF_INC_set=
ac_cv_env_NETCDF_INC_value=
ac_cv_env_NETCDF_LIB_set=
ac_cv_env_NETCDF_LIB_value=
ac_cv_env_NETCDF_ROOT_set=
ac_cv_env_NETCDF_ROOT_value=
ac_cv_env_build_alias_set=
ac_cv_env_build_alias_value=
ac_cv_env_host_alias_set=
ac_cv_env_host_alias_value=
ac_cv_env_target_alias_set=
ac_cv_env_target_alias_value=
ac_cv_fc_compiler_gnu=yes
ac_cv_fc_freeform=-ffree-form
ac_cv_objext=o
ac_cv_path_NETCDF_ROOT=/usr/local/bin/ncdump
ac_cv_path_install='/usr/bin/install -c'
ac_cv_prog_AWK=awk
ac_cv_prog_CPP='gcc -E'
ac_cv_prog_NETCDF_CONFIG=nf-config
ac_cv_prog_ac_ct_CC=gcc
ac_cv_prog_ac_ct_FC=gfortran
ac_cv_prog_cc_c89=
ac_cv_prog_cc_g=yes
ac_cv_prog_fc_g=yes
ac_cv_prog_make_make_set=yes
am_cv_CC_dependencies_compiler_type=none
am_cv_make_support_nested_variables=yes
am_cv_prog_cc_c_o=yes

## ----------------- ##
## Output variables. ##
## ----------------- ##

ACLOCAL='${SHELL} /Users/agus/proyectos/interpola_csv/source/autoconf/missing aclocal-1.16'
AMDEPBACKSLASH='\'
AMDEP_FALSE='#'
AMDEP_TRUE=''
AMTAR='$${TAR-tar}'
AM_BACKSLASH='\'
AM_DEFAULT_V='$(AM_DEFAULT_VERBOSITY)'
AM_DEFAULT_VERBOSITY='1'
AM_V='$(V)'
AUTOCONF='${SHELL} /Users/agus/proyectos/interpola_csv/source/autoconf/missing autoconf'
AUTOHEADER='${SHELL} /Users/agus/proyectos/interpola_csv/source/autoconf/missing autoheader'
AUTOM4TE='${SHELL} /Users/agus/proyectos/interpola_csv/source/autoconf/missing autom4te'
AUTOMAKE='${SHELL} /Users/agus/proyectos/interpola_csv/source/autoconf/missing automake-1.16'
AWK='awk'
CC='gcc'
CCDEPMODE='depmode=none'
CFLAGS='-g -O2'
CPP='gcc -E'
CPPFLAGS=''
CYGPATH_W='echo'
DEFS='-DPACKAGE_NAME=\"interpolacsv\" -DPACKAGE_TARNAME=\"interpolacsv\" -DPACKAGE_VERSION=\"1.0\" -DPACKAGE_STRING=\"interpolacsv\ 1.0\" -DPACKAGE_BUGREPORT=\"agustin@atmosfera.unam.mx\" -DPACKAGE_URL=\"https://github.com/JoseAgustin/interpolacsv\" -DPACKAGE=\"interpolacsv\" -DVERSION=\"1.0\"'
DEPDIR='.deps'
ECHO_C='\c'
ECHO_N=''
ECHO_T=''
EXEEXT=''
FC='gfortran'
FCFLAGS='-g -O2 -ffree-form -O2'
GFOR_FALSE='#'
GFOR_TRUE=''
INSTALL_DATA='${INSTALL} -m 644'
INSTALL_PROGRAM='${INSTALL}'
INSTALL_SCRIPT='${INSTALL}'
INSTALL_STRIP_PROGRAM='$(install_sh) -c -s'
LDFLAGS=''
LIBOBJS=''
LIBS=''
LN_S='ln -s'
LTLIBOBJS=''
MAKEINFO='${SHELL} /Users/agus/proyectos/interpola_csv/source/autoconf/missing makeinfo'
MKDIR_P='autoconf/install-sh -c -d'
NC_FC='/usr/local/bin/gfortran '
NC_INC='-I/usr/local/Cellar/netcdf/4.7.4_1/include'
NC_LIB='-L/usr/local/Cellar/netcdf/4.7.4_1/lib  -lnetcdff -lnetcdf'
NETCDF_CONFIG='nf-config'
NETCDF_INC='/usr/local/include'
NETCDF_LIB=''
NETCDF_ROOT='/usr/local'
OBJEXT='o'
OPENMP_FCFLAGS=''
PACKAGE='interpolacsv'
PACKAGE_BUGREPORT='agustin@atmosfera.unam.mx'
PACKAGE_NAME='interpolacsv'
PACKAGE_STRING='interpolacsv 1.0'
PACKAGE_TARNAME='interpolacsv'
PACKAGE_URL='https://github.com/JoseAgustin/interpolacsv'
PACKAGE_VERSION='1.0'
PATH_SEPARATOR=':'
SET_MAKE=''
SHELL='/bin/sh'
STRIP=''
VERSION='1.0'
WITH_OMPI_FALSE=''
WITH_OMPI_TRUE='#'
WITH_R4_FALSE=''
WITH_R4_TRUE='#'
ac_ct_CC='gcc'
ac_ct_FC='gfortran'
am__EXEEXT_FALSE=''
am__EXEEXT_TRUE='#'
am__fastdepCC_FALSE=''
am__fastdepCC_TRUE='#'
am__include='include'
am__isrc=''
am__leading_dot='.'
am__nodep='_no'
am__quote=''
am__tar='$${TAR-tar} chof - "$$tardir"'
am__untar='$${TAR-tar} xf -'
bindir='${exec_prefix}/bin'
build_alias=''
datadir='${datarootdir}'
datarootdir='${prefix}/share'
docdir='${datarootdir}/doc/${PACKAGE_TARNAME}'
dvidir='${docdir}'
exec_prefix='${prefix}'
host_alias=''
htmldir='${docdir}'
includedir='${prefix}/include'
infodir='${datarootdir}/info'
install_sh='${SHELL} /Users/agus/proyectos/interpola_csv/source/autoconf/install-sh'
libdir='${exec_prefix}/lib'
libexecdir='${exec_prefix}/libexec'
localedir='${datarootdir}/locale'
localstatedir='${prefix}/var'
mandir='${datarootdir}/man'
mkdir_p='$(MKDIR_P)'
oldincludedir='/usr/include'
pdfdir='${docdir}'
prefix='/Users/agus/proyectos/interpola_csv/source'
program_transform_name='s,x,x,'
psdir='${docdir}'
sbindir='${exec_prefix}/sbin'
sharedstatedir='${prefix}/com'
sysconfdir='${prefix}/etc'
target_alias=''

## ----------- ##
## confdefs.h. ##
## ----------- ##

/* confdefs.h */
#define PACKAGE_NAME "interpolacsv"
#define PACKAGE_TARNAME "interpolacsv"
#define PACKAGE_VERSION "1.0"
#define PACKAGE_STRING "interpolacsv 1.0"
#define PACKAGE_BUGREPORT "agustin@atmosfera.unam.mx"
#define PACKAGE_URL "https://github.com/JoseAgustin/interpolacsv"
#define PACKAGE "interpolacsv"
#define VERSION "1.0"

configure: exit 0

## ---------------------- ##
## Running config.status. ##
## ---------------------- ##

This file was extended by interpolacsv config.status 1.0, which was
generated by GNU Autoconf 2.69.  Invocation command line was

  CONFIG_FILES    = 
  CONFIG_HEADERS  = 
  CONFIG_LINKS    = 
  CONFIG_COMMANDS = 
  $ ./config.status 

on iMac.local

config.status:796: creating Makefile
config.status:796: creating testsuite/Makefile
config.status:968: executing testsuite/atconfig commands
config.status:968: executing depfiles commands
